Arguments: 
  C:\Program Files\nodejs\node.exe C:\Program Files (x86)\Yarn\bin\yarn.js start

PATH: 
  C:\Program Files\Git\mingw64\bin;C:\Program Files\Git\usr\bin;C:\Users\Archeros Devs\bin;C:\Program Files (x86)\Common Files\Oracle\Java\javapath;C:\Program Files (x86)\Intel\iCLS Client;C:\Program Files\Intel\iCLS Client;C:\WINDOWS\system32;C:\WINDOWS;C:\WINDOWS\System32\Wbem;C:\WINDOWS\System32\WindowsPowerShell\v1.0;C:\Program Files (x86)\Intel\Intel(R) Management Engine Components\DAL;C:\Program Files\Intel\Intel(R) Management Engine Components\DAL;C:\Program Files (x86)\Intel\Intel(R) Management Engine Components\IPT;C:\Program Files\Intel\Intel(R) Management Engine Components\IPT;C:\Program Files\Intel\WiFi\bin;C:\Program Files\Common Files\Intel\WirelessCommon;C:\WINDOWS\System32\OpenSSH;C:\Program Files\dotnet;C:\Program Files\Microsoft SQL Server\130\Tools\Binn;C:\Program Files\Zerynth\ztc\windows64;C:\ProgramData\Microsoft\Windows\Start Menu\Programs\Python 3.6\python;C:\Program Files\Git\cmd;C:\Program Files (x86)\Yarn\bin;C:\ProgramData\chocolatey\bin;C:\Program Files\nodejs;C:\Program Files\Microsoft SQL Server\Client SDK\ODBC\130\Tools\Binn;C:\Program Files (x86)\Microsoft SQL Server\140\Tools\Binn;C:\Program Files\Microsoft SQL Server\140\Tools\Binn;C:\Program Files\Microsoft SQL Server\140\DTS\Binn;C:\Program Files (x86)\Microsoft SQL Server\150\DTS\Binn;C:\Program Files\Mongodb\bin;C:\Users\Archeros Devs\AppData\Local\Programs\Python\Python38-32\Scripts;C:\Users\Archeros Devs\AppData\Local\Programs\Python\Python38-32;C:\Users\Archeros Devs\AppData\Local\Microsoft\WindowsApps;C:\Users\Archeros Devs\AppData\Local\Programs\Microsoft VS Code\bin;C:\Users\Archeros Devs\AppData\Roaming\npm\node_modules\react-native-cli;C:\Users\Archeros Devs\AppData\Roaming\npm;C:\Users\Archeros Devs\AppData\Roaming\Python\Python38\Scripts;C:\Users\Archeros Devs\AppData\Local\Android\Sdk\platform-tools

Yarn version: 
  1.17.3

Node version: 
  10.16.3

Platform: 
  win32 x64

Trace: 
  SyntaxError: C:\Users\Archeros Devs\Desktop\impacta\2 Semestre\Desenvolvimento de Aplicações Distribuídas\AC5\package.json: Unexpected token , in JSON at position 315
      at JSON.parse (<anonymous>)
      at C:\Program Files (x86)\Yarn\lib\cli.js:1625:59
      at Generator.next (<anonymous>)
      at step (C:\Program Files (x86)\Yarn\lib\cli.js:304:30)
      at C:\Program Files (x86)\Yarn\lib\cli.js:315:13

npm manifest: 
  {
    "name": "api",
    "version": "1.0.0",
    "description": "",
    "main": "index.js",
    "scripts": {
      "start": "json-server https://impacta.s3-sa-east-1.amazonaws.com/Desenvolvimento+de+Aplica%C3%A7%C3%B5es+Distribu%C3%ADdas/db.json"
    },
    "keywords": [
      "api",
      "ac5",
      "impacta",
      "desenvolvimento",,
      "aplicacoes",
      "distribuidas"
    ],
    "author": "Nicholas Ferreira",
    "license": "ISC"
  }

yarn manifest: 
  No manifest

Lockfile: 
  No lockfile
